c:\users\obara\documents\visual studio 2015\projects\3darmsimulator_develop\arm_simulator\debug\vc140.pdb
c:\users\obara\documents\visual studio 2015\projects\3darmsimulator_develop\arm_simulator\debug\vc140.idb
c:\users\obara\documents\visual studio 2015\projects\3darmsimulator_develop\arm_simulator\debug\3dobjects.obj
c:\users\obara\documents\visual studio 2015\projects\3darmsimulator_develop\arm_simulator\debug\arm_simulator.obj
c:\users\obara\documents\visual studio 2015\projects\3darmsimulator_develop\arm_simulator\debug\cone_simulator.obj
c:\users\obara\documents\visual studio 2015\projects\3darmsimulator_develop\arm_simulator\debug\kinematics.obj
c:\users\obara\documents\visual studio 2015\projects\3darmsimulator_develop\arm_simulator\debug\kine_convertor.obj
c:\users\obara\documents\visual studio 2015\projects\3darmsimulator_develop\arm_simulator\debug\kine_debag.obj
c:\users\obara\documents\visual studio 2015\projects\3darmsimulator_develop\arm_simulator\debug\kine_matrix.obj
c:\users\obara\documents\visual studio 2015\projects\3darmsimulator_develop\arm_simulator\debug\kine_quat.obj
c:\users\obara\documents\visual studio 2015\projects\3darmsimulator_develop\arm_simulator\debug\kine_spline.obj
c:\users\obara\documents\visual studio 2015\projects\3darmsimulator_develop\arm_simulator\debug\kine_target_point.obj
c:\users\obara\documents\visual studio 2015\projects\3darmsimulator_develop\arm_simulator\debug\kine_vector.obj
c:\users\obara\documents\visual studio 2015\projects\3darmsimulator_develop\arm_simulator\debug\lu.obj
c:\users\obara\documents\visual studio 2015\projects\3darmsimulator_develop\arm_simulator\debug\main_program.obj
c:\users\obara\documents\visual studio 2015\projects\3darmsimulator_develop\arm_simulator\debug\plane.obj
c:\users\obara\documents\visual studio 2015\projects\3darmsimulator_develop\arm_simulator\debug\test_console.obj
c:\users\obara\documents\visual studio 2015\projects\3darmsimulator_develop\arm_simulator\debug\kine_trajectory.obj
c:\users\obara\documents\visual studio 2015\projects\3darmsimulator_develop\arm_simulator\debug\trapezoidal_interpolation.obj
c:\users\obara\documents\visual studio 2015\projects\3darmsimulator_develop\arm_simulator\debug\camera_position.obj
c:\users\obara\documents\visual studio 2015\projects\3darmsimulator_develop\arm_simulator\debug\arm_simulator.tlog\cl.command.1.tlog
c:\users\obara\documents\visual studio 2015\projects\3darmsimulator_develop\arm_simulator\debug\arm_simulator.tlog\cl.read.1.tlog
c:\users\obara\documents\visual studio 2015\projects\3darmsimulator_develop\arm_simulator\debug\arm_simulator.tlog\cl.write.1.tlog
